<?xml version="1.0" encoding="UTF-8"?>
<!-- Generated by org.testng.reporters.JUnitReportReporter -->
<testsuite hostname="LAPTOP-SHP7MOG5" failures="0" tests="1" name="CucumberOptions.TestNGtestRunner" time="0.103" errors="0" timestamp="2022-07-09T13:17:26 IST" skipped="0">
  <testcase classname="CucumberOptions.TestNGtestRunner" name="runScenario" time="0.103"/>
  <system-out/>
</testsuite> <!-- CucumberOptions.TestNGtestRunner -->
